{"/Users/m3/Desktop/Assignment2_DSO101/frontend/src/App.js": {"path":"/Users/m3/Desktop/Assignment2_DSO101/frontend/src/App.js","statementMap":{"0":{"start":{"line":8,"column":28},"end":{"line":8,"column":40}},"1":{"start":{"line":9,"column":32},"end":{"line":9,"column":46}},"2":{"start":{"line":10,"column":28},"end":{"line":10,"column":40}},"3":{"start":{"line":13,"column":2},"end":{"line":15,"column":9}},"4":{"start":{"line":14,"column":4},"end":{"line":14,"column":17}},"5":{"start":{"line":17,"column":21},"end":{"line":29,"column":3}},"6":{"start":{"line":18,"column":4},"end":{"line":28,"column":5}},"7":{"start":{"line":19,"column":6},"end":{"line":19,"column":23}},"8":{"start":{"line":20,"column":6},"end":{"line":20,"column":19}},"9":{"start":{"line":21,"column":19},"end":{"line":21,"column":39}},"10":{"start":{"line":22,"column":6},"end":{"line":22,"column":21}},"11":{"start":{"line":24,"column":6},"end":{"line":24,"column":74}},"12":{"start":{"line":25,"column":6},"end":{"line":25,"column":25}},"13":{"start":{"line":27,"column":6},"end":{"line":27,"column":24}},"14":{"start":{"line":31,"column":24},"end":{"line":44,"column":3}},"15":{"start":{"line":32,"column":4},"end":{"line":43,"column":5}},"16":{"start":{"line":33,"column":6},"end":{"line":33,"column":23}},"17":{"start":{"line":34,"column":6},"end":{"line":34,"column":19}},"18":{"start":{"line":35,"column":22},"end":{"line":35,"column":49}},"19":{"start":{"line":36,"column":6},"end":{"line":36,"column":36}},"20":{"start":{"line":38,"column":6},"end":{"line":38,"column":37}},"21":{"start":{"line":39,"column":6},"end":{"line":39,"column":25}},"22":{"start":{"line":40,"column":6},"end":{"line":40,"column":16}},"23":{"start":{"line":42,"column":6},"end":{"line":42,"column":24}},"24":{"start":{"line":46,"column":27},"end":{"line":56,"column":3}},"25":{"start":{"line":47,"column":4},"end":{"line":55,"column":5}},"26":{"start":{"line":48,"column":6},"end":{"line":48,"column":19}},"27":{"start":{"line":49,"column":26},"end":{"line":49,"column":65}},"28":{"start":{"line":50,"column":6},"end":{"line":50,"column":66}},"29":{"start":{"line":50,"column":33},"end":{"line":50,"column":62}},"30":{"start":{"line":52,"column":6},"end":{"line":52,"column":40}},"31":{"start":{"line":53,"column":6},"end":{"line":53,"column":25}},"32":{"start":{"line":54,"column":6},"end":{"line":54,"column":16}},"33":{"start":{"line":58,"column":27},"end":{"line":68,"column":3}},"34":{"start":{"line":59,"column":4},"end":{"line":67,"column":5}},"35":{"start":{"line":60,"column":6},"end":{"line":60,"column":19}},"36":{"start":{"line":61,"column":6},"end":{"line":61,"column":31}},"37":{"start":{"line":62,"column":6},"end":{"line":62,"column":49}},"38":{"start":{"line":62,"column":35},"end":{"line":62,"column":46}},"39":{"start":{"line":64,"column":6},"end":{"line":64,"column":40}},"40":{"start":{"line":65,"column":6},"end":{"line":65,"column":25}},"41":{"start":{"line":66,"column":6},"end":{"line":66,"column":16}},"42":{"start":{"line":70,"column":27},"end":{"line":80,"column":3}},"43":{"start":{"line":71,"column":4},"end":{"line":79,"column":5}},"44":{"start":{"line":72,"column":6},"end":{"line":72,"column":19}},"45":{"start":{"line":73,"column":26},"end":{"line":73,"column":59}},"46":{"start":{"line":74,"column":6},"end":{"line":74,"column":66}},"47":{"start":{"line":74,"column":33},"end":{"line":74,"column":62}},"48":{"start":{"line":76,"column":6},"end":{"line":76,"column":40}},"49":{"start":{"line":77,"column":6},"end":{"line":77,"column":25}},"50":{"start":{"line":78,"column":6},"end":{"line":78,"column":16}},"51":{"start":{"line":82,"column":2},"end":{"line":107,"column":4}}},"fnMap":{"0":{"name":"App","decl":{"start":{"line":7,"column":9},"end":{"line":7,"column":12}},"loc":{"start":{"line":7,"column":15},"end":{"line":108,"column":1}},"line":7},"1":{"name":"(anonymous_1)","decl":{"start":{"line":13,"column":12},"end":{"line":13,"column":13}},"loc":{"start":{"line":13,"column":18},"end":{"line":15,"column":3}},"line":13},"2":{"name":"(anonymous_2)","decl":{"start":{"line":17,"column":21},"end":{"line":17,"column":22}},"loc":{"start":{"line":17,"column":33},"end":{"line":29,"column":3}},"line":17},"3":{"name":"(anonymous_3)","decl":{"start":{"line":31,"column":24},"end":{"line":31,"column":25}},"loc":{"start":{"line":31,"column":41},"end":{"line":44,"column":3}},"line":31},"4":{"name":"(anonymous_4)","decl":{"start":{"line":46,"column":27},"end":{"line":46,"column":28}},"loc":{"start":{"line":46,"column":52},"end":{"line":56,"column":3}},"line":46},"5":{"name":"(anonymous_5)","decl":{"start":{"line":50,"column":25},"end":{"line":50,"column":26}},"loc":{"start":{"line":50,"column":33},"end":{"line":50,"column":62}},"line":50},"6":{"name":"(anonymous_6)","decl":{"start":{"line":58,"column":27},"end":{"line":58,"column":28}},"loc":{"start":{"line":58,"column":41},"end":{"line":68,"column":3}},"line":58},"7":{"name":"(anonymous_7)","decl":{"start":{"line":62,"column":28},"end":{"line":62,"column":29}},"loc":{"start":{"line":62,"column":35},"end":{"line":62,"column":46}},"line":62},"8":{"name":"(anonymous_8)","decl":{"start":{"line":70,"column":27},"end":{"line":70,"column":28}},"loc":{"start":{"line":70,"column":50},"end":{"line":80,"column":3}},"line":70},"9":{"name":"(anonymous_9)","decl":{"start":{"line":74,"column":25},"end":{"line":74,"column":26}},"loc":{"start":{"line":74,"column":33},"end":{"line":74,"column":62}},"line":74}},"branchMap":{"0":{"loc":{"start":{"line":50,"column":33},"end":{"line":50,"column":62}},"type":"cond-expr","locations":[{"start":{"line":50,"column":47},"end":{"line":50,"column":58}},{"start":{"line":50,"column":61},"end":{"line":50,"column":62}}],"line":50},"1":{"loc":{"start":{"line":74,"column":33},"end":{"line":74,"column":62}},"type":"cond-expr","locations":[{"start":{"line":74,"column":47},"end":{"line":74,"column":58}},{"start":{"line":74,"column":61},"end":{"line":74,"column":62}}],"line":74},"2":{"loc":{"start":{"line":90,"column":9},"end":{"line":90,"column":61}},"type":"binary-expr","locations":[{"start":{"line":90,"column":9},"end":{"line":90,"column":14}},{"start":{"line":90,"column":18},"end":{"line":90,"column":61}}],"line":90},"3":{"loc":{"start":{"line":94,"column":9},"end":{"line":104,"column":9}},"type":"cond-expr","locations":[{"start":{"line":95,"column":10},"end":{"line":95,"column":57}},{"start":{"line":97,"column":10},"end":{"line":103,"column":12}}],"line":94},"4":{"loc":{"start":{"line":94,"column":9},"end":{"line":94,"column":33}},"type":"binary-expr","locations":[{"start":{"line":94,"column":9},"end":{"line":94,"column":16}},{"start":{"line":94,"column":20},"end":{"line":94,"column":33}}],"line":94}},"s":{"0":1,"1":1,"2":1,"3":1,"4":1,"5":1,"6":1,"7":1,"8":1,"9":1,"10":0,"11":0,"12":0,"13":0,"14":1,"15":0,"16":0,"17":0,"18":0,"19":0,"20":0,"21":0,"22":0,"23":0,"24":1,"25":0,"26":0,"27":0,"28":0,"29":0,"30":0,"31":0,"32":0,"33":1,"34":0,"35":0,"36":0,"37":0,"38":0,"39":0,"40":0,"41":0,"42":1,"43":0,"44":0,"45":0,"46":0,"47":0,"48":0,"49":0,"50":0,"51":1},"f":{"0":1,"1":1,"2":1,"3":0,"4":0,"5":0,"6":0,"7":0,"8":0,"9":0},"b":{"0":[0,0],"1":[0,0],"2":[1,0],"3":[1,0],"4":[1,1]},"_coverageSchema":"1a1c01bbd47fc00a2c39e90264f33305004495a9","hash":"ecd534917fd51a10eab71cb4104a7d9bb0a69ad8"}
,"/Users/m3/Desktop/Assignment2_DSO101/frontend/src/TaskForm.js": {"path":"/Users/m3/Desktop/Assignment2_DSO101/frontend/src/TaskForm.js","statementMap":{"0":{"start":{"line":4,"column":17},"end":{"line":50,"column":1}},"1":{"start":{"line":5,"column":28},"end":{"line":5,"column":40}},"2":{"start":{"line":6,"column":28},"end":{"line":6,"column":40}},"3":{"start":{"line":8,"column":23},"end":{"line":23,"column":3}},"4":{"start":{"line":9,"column":4},"end":{"line":9,"column":23}},"5":{"start":{"line":11,"column":4},"end":{"line":14,"column":5}},"6":{"start":{"line":12,"column":6},"end":{"line":12,"column":38}},"7":{"start":{"line":13,"column":6},"end":{"line":13,"column":13}},"8":{"start":{"line":16,"column":4},"end":{"line":22,"column":5}},"9":{"start":{"line":17,"column":6},"end":{"line":17,"column":19}},"10":{"start":{"line":18,"column":6},"end":{"line":18,"column":29}},"11":{"start":{"line":19,"column":6},"end":{"line":19,"column":19}},"12":{"start":{"line":21,"column":6},"end":{"line":21,"column":52}},"13":{"start":{"line":25,"column":2},"end":{"line":49,"column":4}},"14":{"start":{"line":34,"column":12},"end":{"line":34,"column":37}},"15":{"start":{"line":35,"column":12},"end":{"line":35,"column":25}}},"fnMap":{"0":{"name":"(anonymous_0)","decl":{"start":{"line":4,"column":17},"end":{"line":4,"column":18}},"loc":{"start":{"line":4,"column":45},"end":{"line":50,"column":1}},"line":4},"1":{"name":"(anonymous_1)","decl":{"start":{"line":8,"column":23},"end":{"line":8,"column":24}},"loc":{"start":{"line":8,"column":36},"end":{"line":23,"column":3}},"line":8},"2":{"name":"(anonymous_2)","decl":{"start":{"line":33,"column":20},"end":{"line":33,"column":21}},"loc":{"start":{"line":33,"column":27},"end":{"line":36,"column":11}},"line":33}},"branchMap":{"0":{"loc":{"start":{"line":11,"column":4},"end":{"line":14,"column":5}},"type":"if","locations":[{"start":{"line":11,"column":4},"end":{"line":14,"column":5}},{"start":{},"end":{}}],"line":11},"1":{"loc":{"start":{"line":21,"column":15},"end":{"line":21,"column":50}},"type":"binary-expr","locations":[{"start":{"line":21,"column":15},"end":{"line":21,"column":26}},{"start":{"line":21,"column":30},"end":{"line":21,"column":50}}],"line":21},"2":{"loc":{"start":{"line":44,"column":11},"end":{"line":44,"column":40}},"type":"cond-expr","locations":[{"start":{"line":44,"column":21},"end":{"line":44,"column":32}},{"start":{"line":44,"column":35},"end":{"line":44,"column":40}}],"line":44},"3":{"loc":{"start":{"line":47,"column":7},"end":{"line":47,"column":60}},"type":"binary-expr","locations":[{"start":{"line":47,"column":7},"end":{"line":47,"column":12}},{"start":{"line":47,"column":16},"end":{"line":47,"column":60}}],"line":47}},"s":{"0":1,"1":1,"2":1,"3":1,"4":0,"5":0,"6":0,"7":0,"8":0,"9":0,"10":0,"11":0,"12":0,"13":1,"14":0,"15":0},"f":{"0":1,"1":0,"2":0},"b":{"0":[0,0],"1":[0,0],"2":[1,0],"3":[1,0]},"_coverageSchema":"1a1c01bbd47fc00a2c39e90264f33305004495a9","hash":"a032bf9ef45ad5064a738b48338f8fe6e8ed34d0"}
,"/Users/m3/Desktop/Assignment2_DSO101/frontend/src/TaskItem.js": {"path":"/Users/m3/Desktop/Assignment2_DSO101/frontend/src/TaskItem.js","statementMap":{"0":{"start":{"line":4,"column":17},"end":{"line":115,"column":1}},"1":{"start":{"line":5,"column":36},"end":{"line":5,"column":51}},"2":{"start":{"line":6,"column":36},"end":{"line":6,"column":56}},"3":{"start":{"line":7,"column":28},"end":{"line":7,"column":40}},"4":{"start":{"line":9,"column":23},"end":{"line":15,"column":3}},"5":{"start":{"line":10,"column":4},"end":{"line":14,"column":5}},"6":{"start":{"line":11,"column":6},"end":{"line":11,"column":47}},"7":{"start":{"line":13,"column":6},"end":{"line":13,"column":40}},"8":{"start":{"line":17,"column":23},"end":{"line":25,"column":3}},"9":{"start":{"line":18,"column":4},"end":{"line":24,"column":5}},"10":{"start":{"line":19,"column":6},"end":{"line":23,"column":7}},"11":{"start":{"line":20,"column":8},"end":{"line":20,"column":32}},"12":{"start":{"line":22,"column":8},"end":{"line":22,"column":42}},"13":{"start":{"line":27,"column":25},"end":{"line":40,"column":3}},"14":{"start":{"line":28,"column":4},"end":{"line":31,"column":5}},"15":{"start":{"line":29,"column":6},"end":{"line":29,"column":45}},"16":{"start":{"line":30,"column":6},"end":{"line":30,"column":13}},"17":{"start":{"line":33,"column":4},"end":{"line":39,"column":5}},"18":{"start":{"line":34,"column":6},"end":{"line":34,"column":19}},"19":{"start":{"line":35,"column":6},"end":{"line":35,"column":52}},"20":{"start":{"line":36,"column":6},"end":{"line":36,"column":26}},"21":{"start":{"line":38,"column":6},"end":{"line":38,"column":40}},"22":{"start":{"line":42,"column":23},"end":{"line":46,"column":3}},"23":{"start":{"line":43,"column":4},"end":{"line":43,"column":29}},"24":{"start":{"line":44,"column":4},"end":{"line":44,"column":24}},"25":{"start":{"line":45,"column":4},"end":{"line":45,"column":17}},"26":{"start":{"line":48,"column":2},"end":{"line":114,"column":4}},"27":{"start":{"line":64,"column":14},"end":{"line":64,"column":43}},"28":{"start":{"line":65,"column":14},"end":{"line":65,"column":27}},"29":{"start":{"line":96,"column":29},"end":{"line":96,"column":47}}},"fnMap":{"0":{"name":"(anonymous_0)","decl":{"start":{"line":4,"column":17},"end":{"line":4,"column":18}},"loc":{"start":{"line":4,"column":70},"end":{"line":115,"column":1}},"line":4},"1":{"name":"(anonymous_1)","decl":{"start":{"line":9,"column":23},"end":{"line":9,"column":24}},"loc":{"start":{"line":9,"column":35},"end":{"line":15,"column":3}},"line":9},"2":{"name":"(anonymous_2)","decl":{"start":{"line":17,"column":23},"end":{"line":17,"column":24}},"loc":{"start":{"line":17,"column":35},"end":{"line":25,"column":3}},"line":17},"3":{"name":"(anonymous_3)","decl":{"start":{"line":27,"column":25},"end":{"line":27,"column":26}},"loc":{"start":{"line":27,"column":37},"end":{"line":40,"column":3}},"line":27},"4":{"name":"(anonymous_4)","decl":{"start":{"line":42,"column":23},"end":{"line":42,"column":24}},"loc":{"start":{"line":42,"column":29},"end":{"line":46,"column":3}},"line":42},"5":{"name":"(anonymous_5)","decl":{"start":{"line":63,"column":22},"end":{"line":63,"column":23}},"loc":{"start":{"line":63,"column":29},"end":{"line":66,"column":13}},"line":63},"6":{"name":"(anonymous_6)","decl":{"start":{"line":96,"column":23},"end":{"line":96,"column":24}},"loc":{"start":{"line":96,"column":29},"end":{"line":96,"column":47}},"line":96}},"branchMap":{"0":{"loc":{"start":{"line":18,"column":4},"end":{"line":24,"column":5}},"type":"if","locations":[{"start":{"line":18,"column":4},"end":{"line":24,"column":5}},{"start":{},"end":{}}],"line":18},"1":{"loc":{"start":{"line":28,"column":4},"end":{"line":31,"column":5}},"type":"if","locations":[{"start":{"line":28,"column":4},"end":{"line":31,"column":5}},{"start":{},"end":{}}],"line":28},"2":{"loc":{"start":{"line":49,"column":33},"end":{"line":49,"column":66}},"type":"cond-expr","locations":[{"start":{"line":49,"column":50},"end":{"line":49,"column":61}},{"start":{"line":49,"column":64},"end":{"line":49,"column":66}}],"line":49},"3":{"loc":{"start":{"line":58,"column":9},"end":{"line":71,"column":9}},"type":"cond-expr","locations":[{"start":{"line":59,"column":10},"end":{"line":68,"column":12}},{"start":{"line":70,"column":10},"end":{"line":70,"column":58}}],"line":58},"4":{"loc":{"start":{"line":75,"column":9},"end":{"line":109,"column":9}},"type":"cond-expr","locations":[{"start":{"line":76,"column":10},"end":{"line":91,"column":13}},{"start":{"line":93,"column":10},"end":{"line":108,"column":13}}],"line":75},"5":{"loc":{"start":{"line":112,"column":7},"end":{"line":112,"column":60}},"type":"binary-expr","locations":[{"start":{"line":112,"column":7},"end":{"line":112,"column":12}},{"start":{"line":112,"column":16},"end":{"line":112,"column":60}}],"line":112}},"s":{"0":1,"1":0,"2":0,"3":0,"4":0,"5":0,"6":0,"7":0,"8":0,"9":0,"10":0,"11":0,"12":0,"13":0,"14":0,"15":0,"16":0,"17":0,"18":0,"19":0,"20":0,"21":0,"22":0,"23":0,"24":0,"25":0,"26":0,"27":0,"28":0,"29":0},"f":{"0":0,"1":0,"2":0,"3":0,"4":0,"5":0,"6":0},"b":{"0":[0,0],"1":[0,0],"2":[0,0],"3":[0,0],"4":[0,0],"5":[0,0]},"_coverageSchema":"1a1c01bbd47fc00a2c39e90264f33305004495a9","hash":"d674f1ca59fb4e0f56ee6eb1dac880ea081c5760"}
,"/Users/m3/Desktop/Assignment2_DSO101/frontend/src/TaskList.js": {"path":"/Users/m3/Desktop/Assignment2_DSO101/frontend/src/TaskList.js","statementMap":{"0":{"start":{"line":5,"column":17},"end":{"line":37,"column":1}},"1":{"start":{"line":6,"column":2},"end":{"line":12,"column":3}},"2":{"start":{"line":7,"column":4},"end":{"line":11,"column":6}},"3":{"start":{"line":14,"column":25},"end":{"line":14,"column":64}},"4":{"start":{"line":14,"column":45},"end":{"line":14,"column":56}},"5":{"start":{"line":16,"column":2},"end":{"line":36,"column":4}},"6":{"start":{"line":25,"column":10},"end":{"line":32,"column":12}}},"fnMap":{"0":{"name":"(anonymous_0)","decl":{"start":{"line":5,"column":17},"end":{"line":5,"column":18}},"loc":{"start":{"line":5,"column":71},"end":{"line":37,"column":1}},"line":5},"1":{"name":"(anonymous_1)","decl":{"start":{"line":14,"column":38},"end":{"line":14,"column":39}},"loc":{"start":{"line":14,"column":45},"end":{"line":14,"column":56}},"line":14},"2":{"name":"(anonymous_2)","decl":{"start":{"line":24,"column":19},"end":{"line":24,"column":20}},"loc":{"start":{"line":25,"column":10},"end":{"line":32,"column":12}},"line":25}},"branchMap":{"0":{"loc":{"start":{"line":6,"column":2},"end":{"line":12,"column":3}},"type":"if","locations":[{"start":{"line":6,"column":2},"end":{"line":12,"column":3}},{"start":{},"end":{}}],"line":6}},"s":{"0":1,"1":0,"2":0,"3":0,"4":0,"5":0,"6":0},"f":{"0":0,"1":0,"2":0},"b":{"0":[0,0]},"_coverageSchema":"1a1c01bbd47fc00a2c39e90264f33305004495a9","hash":"f4061d1e7946c38a68a9d7eff9a989f45aa59e27"}
,"/Users/m3/Desktop/Assignment2_DSO101/frontend/src/api.js": {"path":"/Users/m3/Desktop/Assignment2_DSO101/frontend/src/api.js","statementMap":{"0":{"start":{"line":1,"column":16},"end":{"line":1,"column":72}},"1":{"start":{"line":3,"column":19},"end":{"line":53,"column":1}},"2":{"start":{"line":6,"column":21},"end":{"line":6,"column":52}},"3":{"start":{"line":7,"column":4},"end":{"line":9,"column":5}},"4":{"start":{"line":8,"column":6},"end":{"line":8,"column":47}},"5":{"start":{"line":10,"column":4},"end":{"line":10,"column":27}},"6":{"start":{"line":15,"column":21},"end":{"line":21,"column":6}},"7":{"start":{"line":22,"column":4},"end":{"line":24,"column":5}},"8":{"start":{"line":23,"column":6},"end":{"line":23,"column":47}},"9":{"start":{"line":25,"column":4},"end":{"line":25,"column":27}},"10":{"start":{"line":30,"column":21},"end":{"line":36,"column":6}},"11":{"start":{"line":37,"column":4},"end":{"line":39,"column":5}},"12":{"start":{"line":38,"column":6},"end":{"line":38,"column":47}},"13":{"start":{"line":40,"column":4},"end":{"line":40,"column":27}},"14":{"start":{"line":45,"column":21},"end":{"line":47,"column":6}},"15":{"start":{"line":48,"column":4},"end":{"line":50,"column":5}},"16":{"start":{"line":49,"column":6},"end":{"line":49,"column":47}},"17":{"start":{"line":51,"column":4},"end":{"line":51,"column":27}}},"fnMap":{"0":{"name":"(anonymous_0)","decl":{"start":{"line":5,"column":12},"end":{"line":5,"column":13}},"loc":{"start":{"line":5,"column":24},"end":{"line":11,"column":3}},"line":5},"1":{"name":"(anonymous_1)","decl":{"start":{"line":14,"column":14},"end":{"line":14,"column":15}},"loc":{"start":{"line":14,"column":31},"end":{"line":26,"column":3}},"line":14},"2":{"name":"(anonymous_2)","decl":{"start":{"line":29,"column":14},"end":{"line":29,"column":15}},"loc":{"start":{"line":29,"column":37},"end":{"line":41,"column":3}},"line":29},"3":{"name":"(anonymous_3)","decl":{"start":{"line":44,"column":14},"end":{"line":44,"column":15}},"loc":{"start":{"line":44,"column":28},"end":{"line":52,"column":3}},"line":44}},"branchMap":{"0":{"loc":{"start":{"line":1,"column":16},"end":{"line":1,"column":72}},"type":"binary-expr","locations":[{"start":{"line":1,"column":16},"end":{"line":1,"column":45}},{"start":{"line":1,"column":49},"end":{"line":1,"column":72}}],"line":1},"1":{"loc":{"start":{"line":7,"column":4},"end":{"line":9,"column":5}},"type":"if","locations":[{"start":{"line":7,"column":4},"end":{"line":9,"column":5}},{"start":{},"end":{}}],"line":7},"2":{"loc":{"start":{"line":22,"column":4},"end":{"line":24,"column":5}},"type":"if","locations":[{"start":{"line":22,"column":4},"end":{"line":24,"column":5}},{"start":{},"end":{}}],"line":22},"3":{"loc":{"start":{"line":37,"column":4},"end":{"line":39,"column":5}},"type":"if","locations":[{"start":{"line":37,"column":4},"end":{"line":39,"column":5}},{"start":{},"end":{}}],"line":37},"4":{"loc":{"start":{"line":48,"column":4},"end":{"line":50,"column":5}},"type":"if","locations":[{"start":{"line":48,"column":4},"end":{"line":50,"column":5}},{"start":{},"end":{}}],"line":48}},"s":{"0":1,"1":1,"2":1,"3":0,"4":0,"5":0,"6":0,"7":0,"8":0,"9":0,"10":0,"11":0,"12":0,"13":0,"14":0,"15":0,"16":0,"17":0},"f":{"0":1,"1":0,"2":0,"3":0},"b":{"0":[1,0],"1":[0,0],"2":[0,0],"3":[0,0],"4":[0,0]},"_coverageSchema":"1a1c01bbd47fc00a2c39e90264f33305004495a9","hash":"a5858f03ef74be44865ab752ae2742a4363f6e6a"}
,"/Users/m3/Desktop/Assignment2_DSO101/frontend/src/index.js": {"path":"/Users/m3/Desktop/Assignment2_DSO101/frontend/src/index.js","statementMap":{"0":{"start":{"line":6,"column":13},"end":{"line":6,"column":65}},"1":{"start":{"line":7,"column":0},"end":{"line":11,"column":2}}},"fnMap":{},"branchMap":{},"s":{"0":0,"1":0},"f":{},"b":{}}
}
