{"/Users/m3/Desktop/Assignment2_DSO101/backend/db.js": {"path":"/Users/m3/Desktop/Assignment2_DSO101/backend/db.js","statementMap":{"0":{"start":{"line":1,"column":17},"end":{"line":1,"column":30}},"1":{"start":{"line":2,"column":0},"end":{"line":2,"column":27}},"2":{"start":{"line":4,"column":13},"end":{"line":17,"column":1}},"3":{"start":{"line":20,"column":15},"end":{"line":34,"column":1}},"4":{"start":{"line":21,"column":2},"end":{"line":33,"column":3}},"5":{"start":{"line":22,"column":4},"end":{"line":29,"column":7}},"6":{"start":{"line":30,"column":4},"end":{"line":30,"column":53}},"7":{"start":{"line":32,"column":4},"end":{"line":32,"column":55}},"8":{"start":{"line":36,"column":0},"end":{"line":40,"column":2}},"9":{"start":{"line":39,"column":27},"end":{"line":39,"column":51}}},"fnMap":{"0":{"name":"(anonymous_0)","decl":{"start":{"line":20,"column":15},"end":{"line":20,"column":16}},"loc":{"start":{"line":20,"column":27},"end":{"line":34,"column":1}},"line":20},"1":{"name":"(anonymous_1)","decl":{"start":{"line":39,"column":9},"end":{"line":39,"column":10}},"loc":{"start":{"line":39,"column":27},"end":{"line":39,"column":51}},"line":39}},"branchMap":{"0":{"loc":{"start":{"line":5,"column":2},"end":{"line":16,"column":7}},"type":"cond-expr","locations":[{"start":{"line":6,"column":6},"end":{"line":9,"column":7}},{"start":{"line":10,"column":6},"end":{"line":16,"column":7}}],"line":5}},"s":{"0":1,"1":1,"2":1,"3":1,"4":0,"5":0,"6":0,"7":0,"8":1,"9":0},"f":{"0":0,"1":0},"b":{"0":[0,1]},"_coverageSchema":"1a1c01bbd47fc00a2c39e90264f33305004495a9","hash":"2ddc4462a0c5b9cd4aa09ea945a15e323625e035"}
,"/Users/m3/Desktop/Assignment2_DSO101/backend/routes.js": {"path":"/Users/m3/Desktop/Assignment2_DSO101/backend/routes.js","statementMap":{"0":{"start":{"line":1,"column":16},"end":{"line":1,"column":34}},"1":{"start":{"line":2,"column":11},"end":{"line":2,"column":26}},"2":{"start":{"line":4,"column":15},"end":{"line":4,"column":31}},"3":{"start":{"line":7,"column":0},"end":{"line":17,"column":3}},"4":{"start":{"line":8,"column":2},"end":{"line":16,"column":3}},"5":{"start":{"line":9,"column":19},"end":{"line":11,"column":5}},"6":{"start":{"line":12,"column":4},"end":{"line":12,"column":26}},"7":{"start":{"line":14,"column":4},"end":{"line":14,"column":48}},"8":{"start":{"line":15,"column":4},"end":{"line":15,"column":61}},"9":{"start":{"line":20,"column":0},"end":{"line":38,"column":3}},"10":{"start":{"line":21,"column":2},"end":{"line":37,"column":3}},"11":{"start":{"line":22,"column":22},"end":{"line":22,"column":30}},"12":{"start":{"line":24,"column":4},"end":{"line":26,"column":5}},"13":{"start":{"line":25,"column":6},"end":{"line":25,"column":66}},"14":{"start":{"line":28,"column":19},"end":{"line":31,"column":5}},"15":{"start":{"line":33,"column":4},"end":{"line":33,"column":41}},"16":{"start":{"line":35,"column":4},"end":{"line":35,"column":47}},"17":{"start":{"line":36,"column":4},"end":{"line":36,"column":61}},"18":{"start":{"line":41,"column":0},"end":{"line":78,"column":3}},"19":{"start":{"line":42,"column":2},"end":{"line":77,"column":3}},"20":{"start":{"line":43,"column":19},"end":{"line":43,"column":29}},"21":{"start":{"line":44,"column":33},"end":{"line":44,"column":41}},"22":{"start":{"line":46,"column":16},"end":{"line":46,"column":35}},"23":{"start":{"line":47,"column":19},"end":{"line":47,"column":21}},"24":{"start":{"line":48,"column":20},"end":{"line":48,"column":22}},"25":{"start":{"line":50,"column":4},"end":{"line":53,"column":5}},"26":{"start":{"line":51,"column":6},"end":{"line":51,"column":52}},"27":{"start":{"line":52,"column":6},"end":{"line":52,"column":32}},"28":{"start":{"line":55,"column":4},"end":{"line":58,"column":5}},"29":{"start":{"line":56,"column":6},"end":{"line":56,"column":56}},"30":{"start":{"line":57,"column":6},"end":{"line":57,"column":29}},"31":{"start":{"line":60,"column":4},"end":{"line":62,"column":5}},"32":{"start":{"line":61,"column":6},"end":{"line":61,"column":68}},"33":{"start":{"line":64,"column":4},"end":{"line":64,"column":82}},"34":{"start":{"line":65,"column":4},"end":{"line":65,"column":20}},"35":{"start":{"line":67,"column":19},"end":{"line":67,"column":48}},"36":{"start":{"line":69,"column":4},"end":{"line":71,"column":5}},"37":{"start":{"line":70,"column":6},"end":{"line":70,"column":63}},"38":{"start":{"line":73,"column":4},"end":{"line":73,"column":29}},"39":{"start":{"line":75,"column":4},"end":{"line":75,"column":47}},"40":{"start":{"line":76,"column":4},"end":{"line":76,"column":61}},"41":{"start":{"line":81,"column":0},"end":{"line":99,"column":3}},"42":{"start":{"line":82,"column":2},"end":{"line":98,"column":3}},"43":{"start":{"line":83,"column":19},"end":{"line":83,"column":29}},"44":{"start":{"line":85,"column":19},"end":{"line":88,"column":5}},"45":{"start":{"line":90,"column":4},"end":{"line":92,"column":5}},"46":{"start":{"line":91,"column":6},"end":{"line":91,"column":63}},"47":{"start":{"line":94,"column":4},"end":{"line":94,"column":77}},"48":{"start":{"line":96,"column":4},"end":{"line":96,"column":47}},"49":{"start":{"line":97,"column":4},"end":{"line":97,"column":61}},"50":{"start":{"line":101,"column":0},"end":{"line":101,"column":24}}},"fnMap":{"0":{"name":"(anonymous_0)","decl":{"start":{"line":7,"column":21},"end":{"line":7,"column":22}},"loc":{"start":{"line":7,"column":41},"end":{"line":17,"column":1}},"line":7},"1":{"name":"(anonymous_1)","decl":{"start":{"line":20,"column":22},"end":{"line":20,"column":23}},"loc":{"start":{"line":20,"column":42},"end":{"line":38,"column":1}},"line":20},"2":{"name":"(anonymous_2)","decl":{"start":{"line":41,"column":25},"end":{"line":41,"column":26}},"loc":{"start":{"line":41,"column":45},"end":{"line":78,"column":1}},"line":41},"3":{"name":"(anonymous_3)","decl":{"start":{"line":81,"column":28},"end":{"line":81,"column":29}},"loc":{"start":{"line":81,"column":48},"end":{"line":99,"column":1}},"line":81}},"branchMap":{"0":{"loc":{"start":{"line":24,"column":4},"end":{"line":26,"column":5}},"type":"if","locations":[{"start":{"line":24,"column":4},"end":{"line":26,"column":5}},{"start":{},"end":{}}],"line":24},"1":{"loc":{"start":{"line":24,"column":8},"end":{"line":24,"column":37}},"type":"binary-expr","locations":[{"start":{"line":24,"column":8},"end":{"line":24,"column":14}},{"start":{"line":24,"column":18},"end":{"line":24,"column":37}}],"line":24},"2":{"loc":{"start":{"line":50,"column":4},"end":{"line":53,"column":5}},"type":"if","locations":[{"start":{"line":50,"column":4},"end":{"line":53,"column":5}},{"start":{},"end":{}}],"line":50},"3":{"loc":{"start":{"line":55,"column":4},"end":{"line":58,"column":5}},"type":"if","locations":[{"start":{"line":55,"column":4},"end":{"line":58,"column":5}},{"start":{},"end":{}}],"line":55},"4":{"loc":{"start":{"line":60,"column":4},"end":{"line":62,"column":5}},"type":"if","locations":[{"start":{"line":60,"column":4},"end":{"line":62,"column":5}},{"start":{},"end":{}}],"line":60},"5":{"loc":{"start":{"line":69,"column":4},"end":{"line":71,"column":5}},"type":"if","locations":[{"start":{"line":69,"column":4},"end":{"line":71,"column":5}},{"start":{},"end":{}}],"line":69},"6":{"loc":{"start":{"line":90,"column":4},"end":{"line":92,"column":5}},"type":"if","locations":[{"start":{"line":90,"column":4},"end":{"line":92,"column":5}},{"start":{},"end":{}}],"line":90}},"s":{"0":1,"1":1,"2":1,"3":1,"4":0,"5":0,"6":0,"7":0,"8":0,"9":1,"10":0,"11":0,"12":0,"13":0,"14":0,"15":0,"16":0,"17":0,"18":1,"19":0,"20":0,"21":0,"22":0,"23":0,"24":0,"25":0,"26":0,"27":0,"28":0,"29":0,"30":0,"31":0,"32":0,"33":0,"34":0,"35":0,"36":0,"37":0,"38":0,"39":0,"40":0,"41":1,"42":0,"43":0,"44":0,"45":0,"46":0,"47":0,"48":0,"49":0,"50":1},"f":{"0":0,"1":0,"2":0,"3":0},"b":{"0":[0,0],"1":[0,0],"2":[0,0],"3":[0,0],"4":[0,0],"5":[0,0],"6":[0,0]},"_coverageSchema":"1a1c01bbd47fc00a2c39e90264f33305004495a9","hash":"8701c95e5ad0e3e7cb95a72033a02e9e7f2818ab"}
,"/Users/m3/Desktop/Assignment2_DSO101/backend/server.js": {"path":"/Users/m3/Desktop/Assignment2_DSO101/backend/server.js","statementMap":{"0":{"start":{"line":1,"column":16},"end":{"line":1,"column":34}},"1":{"start":{"line":2,"column":13},"end":{"line":2,"column":28}},"2":{"start":{"line":3,"column":0},"end":{"line":3,"column":27}},"3":{"start":{"line":5,"column":19},"end":{"line":5,"column":34}},"4":{"start":{"line":6,"column":15},"end":{"line":6,"column":34}},"5":{"start":{"line":8,"column":12},"end":{"line":8,"column":21}},"6":{"start":{"line":9,"column":13},"end":{"line":9,"column":37}},"7":{"start":{"line":12,"column":0},"end":{"line":12,"column":16}},"8":{"start":{"line":13,"column":0},"end":{"line":13,"column":24}},"9":{"start":{"line":16,"column":0},"end":{"line":18,"column":1}},"10":{"start":{"line":17,"column":2},"end":{"line":17,"column":11}},"11":{"start":{"line":21,"column":0},"end":{"line":21,"column":21}},"12":{"start":{"line":24,"column":0},"end":{"line":26,"column":3}},"13":{"start":{"line":25,"column":2},"end":{"line":25,"column":44}},"14":{"start":{"line":29,"column":0},"end":{"line":32,"column":3}},"15":{"start":{"line":30,"column":2},"end":{"line":30,"column":27}},"16":{"start":{"line":31,"column":2},"end":{"line":31,"column":59}},"17":{"start":{"line":35,"column":0},"end":{"line":37,"column":3}},"18":{"start":{"line":36,"column":2},"end":{"line":36,"column":53}},"19":{"start":{"line":40,"column":0},"end":{"line":44,"column":1}},"20":{"start":{"line":41,"column":2},"end":{"line":43,"column":5}},"21":{"start":{"line":42,"column":4},"end":{"line":42,"column":70}},"22":{"start":{"line":47,"column":0},"end":{"line":47,"column":21}}},"fnMap":{"0":{"name":"(anonymous_0)","decl":{"start":{"line":24,"column":19},"end":{"line":24,"column":20}},"loc":{"start":{"line":24,"column":33},"end":{"line":26,"column":1}},"line":24},"1":{"name":"(anonymous_1)","decl":{"start":{"line":29,"column":8},"end":{"line":29,"column":9}},"loc":{"start":{"line":29,"column":33},"end":{"line":32,"column":1}},"line":29},"2":{"name":"(anonymous_2)","decl":{"start":{"line":35,"column":8},"end":{"line":35,"column":9}},"loc":{"start":{"line":35,"column":22},"end":{"line":37,"column":1}},"line":35},"3":{"name":"(anonymous_3)","decl":{"start":{"line":41,"column":19},"end":{"line":41,"column":20}},"loc":{"start":{"line":41,"column":25},"end":{"line":43,"column":3}},"line":41}},"branchMap":{"0":{"loc":{"start":{"line":9,"column":13},"end":{"line":9,"column":37}},"type":"binary-expr","locations":[{"start":{"line":9,"column":13},"end":{"line":9,"column":29}},{"start":{"line":9,"column":33},"end":{"line":9,"column":37}}],"line":9},"1":{"loc":{"start":{"line":16,"column":0},"end":{"line":18,"column":1}},"type":"if","locations":[{"start":{"line":16,"column":0},"end":{"line":18,"column":1}},{"start":{},"end":{}}],"line":16},"2":{"loc":{"start":{"line":40,"column":0},"end":{"line":44,"column":1}},"type":"if","locations":[{"start":{"line":40,"column":0},"end":{"line":44,"column":1}},{"start":{},"end":{}}],"line":40}},"s":{"0":1,"1":1,"2":1,"3":1,"4":1,"5":1,"6":1,"7":1,"8":1,"9":1,"10":0,"11":1,"12":1,"13":1,"14":1,"15":0,"16":0,"17":1,"18":1,"19":1,"20":0,"21":0,"22":1},"f":{"0":1,"1":0,"2":1,"3":0},"b":{"0":[1,0],"1":[0,1],"2":[0,1]},"_coverageSchema":"1a1c01bbd47fc00a2c39e90264f33305004495a9","hash":"e59fa542ea6f9ce2ea782cd917d57a25bd93d915"}
}
