TN:
SF:db.js
FN:20,(anonymous_0)
FN:39,(anonymous_1)
FNF:2
FNH:0
FNDA:0,(anonymous_0)
FNDA:0,(anonymous_1)
DA:1,1
DA:2,1
DA:4,1
DA:20,1
DA:21,0
DA:22,0
DA:30,0
DA:32,0
DA:36,1
DA:39,0
LF:10
LH:5
BRDA:5,0,0,0
BRDA:5,0,1,1
BRF:2
BRH:1
end_of_record
TN:
SF:routes.js
FN:7,(anonymous_0)
FN:20,(anonymous_1)
FN:41,(anonymous_2)
FN:81,(anonymous_3)
FNF:4
FNH:0
FNDA:0,(anonymous_0)
FNDA:0,(anonymous_1)
FNDA:0,(anonymous_2)
FNDA:0,(anonymous_3)
DA:1,1
DA:2,1
DA:4,1
DA:7,1
DA:8,0
DA:9,0
DA:12,0
DA:14,0
DA:15,0
DA:20,1
DA:21,0
DA:22,0
DA:24,0
DA:25,0
DA:28,0
DA:33,0
DA:35,0
DA:36,0
DA:41,1
DA:42,0
DA:43,0
DA:44,0
DA:46,0
DA:47,0
DA:48,0
DA:50,0
DA:51,0
DA:52,0
DA:55,0
DA:56,0
DA:57,0
DA:60,0
DA:61,0
DA:64,0
DA:65,0
DA:67,0
DA:69,0
DA:70,0
DA:73,0
DA:75,0
DA:76,0
DA:81,1
DA:82,0
DA:83,0
DA:85,0
DA:90,0
DA:91,0
DA:94,0
DA:96,0
DA:97,0
DA:101,1
LF:51
LH:8
BRDA:24,0,0,0
BRDA:24,0,1,0
BRDA:24,1,0,0
BRDA:24,1,1,0
BRDA:50,2,0,0
BRDA:50,2,1,0
BRDA:55,3,0,0
BRDA:55,3,1,0
BRDA:60,4,0,0
BRDA:60,4,1,0
BRDA:69,5,0,0
BRDA:69,5,1,0
BRDA:90,6,0,0
BRDA:90,6,1,0
BRF:14
BRH:0
end_of_record
TN:
SF:server.js
FN:24,(anonymous_0)
FN:29,(anonymous_1)
FN:35,(anonymous_2)
FN:41,(anonymous_3)
FNF:4
FNH:2
FNDA:1,(anonymous_0)
FNDA:0,(anonymous_1)
FNDA:1,(anonymous_2)
FNDA:0,(anonymous_3)
DA:1,1
DA:2,1
DA:3,1
DA:5,1
DA:6,1
DA:8,1
DA:9,1
DA:12,1
DA:13,1
DA:16,1
DA:17,0
DA:21,1
DA:24,1
DA:25,1
DA:29,1
DA:30,0
DA:31,0
DA:35,1
DA:36,1
DA:40,1
DA:41,0
DA:42,0
DA:47,1
LF:23
LH:18
BRDA:9,0,0,1
BRDA:9,0,1,0
BRDA:16,1,0,0
BRDA:16,1,1,1
BRDA:40,2,0,0
BRDA:40,2,1,1
BRF:6
BRH:3
end_of_record
